make[1]: Entering directory '/root/release/dragino-lede-build/openwrt'
make[2]: Entering directory '/root/release/dragino-lede-build/openwrt/package/libs/toolchain'
echo "libc" >> /root/release/dragino-lede-build/openwrt/staging_dir/target-mips_24kc_musl/pkginfo/toolchain.default.install
echo "libgcc" >> /root/release/dragino-lede-build/openwrt/staging_dir/target-mips_24kc_musl/pkginfo/toolchain.default.install
echo "libpthread" >> /root/release/dragino-lede-build/openwrt/staging_dir/target-mips_24kc_musl/pkginfo/toolchain.default.install
echo "librt" >> /root/release/dragino-lede-build/openwrt/staging_dir/target-mips_24kc_musl/pkginfo/toolchain.default.install
make[2]: Leaving directory '/root/release/dragino-lede-build/openwrt/package/libs/toolchain'
make[2]: Entering directory '/root/release/dragino-lede-build/openwrt/feeds/packages/libs/confuse'
make[2]: Leaving directory '/root/release/dragino-lede-build/openwrt/feeds/packages/libs/confuse'
make[2]: Entering directory '/root/release/dragino-lede-build/openwrt/package/libs/libusb'
echo "libusb-1.0" >> /root/release/dragino-lede-build/openwrt/staging_dir/target-mips_24kc_musl/pkginfo/libusb.default.install
make[2]: Leaving directory '/root/release/dragino-lede-build/openwrt/package/libs/libusb'
make[2]: Entering directory '/root/release/dragino-lede-build/openwrt/feeds/packages/libs/libftdi1'
echo "libftdi1" >> /root/release/dragino-lede-build/openwrt/staging_dir/target-mips_24kc_musl/pkginfo/libftdi1.default.install
make[2]: Leaving directory '/root/release/dragino-lede-build/openwrt/feeds/packages/libs/libftdi1'
make[2]: Entering directory '/root/release/dragino-lede-build/openwrt/package/libs/libmpsse'
rm -f /root/release/dragino-lede-build/openwrt/build_dir/target-mips_24kc_musl/libmpsse-1.3/.built
touch /root/release/dragino-lede-build/openwrt/build_dir/target-mips_24kc_musl/libmpsse-1.3/.built_check
CFLAGS="-Os -pipe -mno-branch-likely -mips32r2 -mtune=24kc -fno-caller-saves -fno-plt -fhonour-copts -Wno-error=unused-but-set-variable -Wno-error=unused-result -msoft-float -mips16 -minterlink-mips16 -iremap/root/release/dragino-lede-build/openwrt/build_dir/target-mips_24kc_musl/libmpsse-1.3:libmpsse-1.3 -fpic  -I/root/release/dragino-lede-build/openwrt/staging_dir/target-mips_24kc_musl/usr/include -I/root/release/dragino-lede-build/openwrt/staging_dir/target-mips_24kc_musl/include -I/root/release/dragino-lede-build/openwrt/staging_dir/toolchain-mips_24kc_gcc-7.3.0_musl/usr/include -I/root/release/dragino-lede-build/openwrt/staging_dir/toolchain-mips_24kc_gcc-7.3.0_musl/include/fortify -I/root/release/dragino-lede-build/openwrt/staging_dir/toolchain-mips_24kc_gcc-7.3.0_musl/include " CXXFLAGS="-Os -pipe -mno-branch-likely -mips32r2 -mtune=24kc -fno-caller-saves -fno-plt -fhonour-copts -Wno-error=unused-but-set-variable -Wno-error=unused-result -msoft-float -mips16 -minterlink-mips16 -iremap/root/release/dragino-lede-build/openwrt/build_dir/target-mips_24kc_musl/libmpsse-1.3:libmpsse-1.3 -fpic  -I/root/release/dragino-lede-build/openwrt/staging_dir/target-mips_24kc_musl/usr/include -I/root/release/dragino-lede-build/openwrt/staging_dir/target-mips_24kc_musl/include -I/root/release/dragino-lede-build/openwrt/staging_dir/toolchain-mips_24kc_gcc-7.3.0_musl/usr/include -I/root/release/dragino-lede-build/openwrt/staging_dir/toolchain-mips_24kc_gcc-7.3.0_musl/include/fortify -I/root/release/dragino-lede-build/openwrt/staging_dir/toolchain-mips_24kc_gcc-7.3.0_musl/include " LDFLAGS="-L/root/release/dragino-lede-build/openwrt/staging_dir/target-mips_24kc_musl/usr/lib -L/root/release/dragino-lede-build/openwrt/staging_dir/target-mips_24kc_musl/lib -L/root/release/dragino-lede-build/openwrt/staging_dir/toolchain-mips_24kc_gcc-7.3.0_musl/usr/lib -L/root/release/dragino-lede-build/openwrt/staging_dir/toolchain-mips_24kc_gcc-7.3.0_musl/lib " make -j1 -C /root/release/dragino-lede-build/openwrt/build_dir/target-mips_24kc_musl/libmpsse-1.3/. AR="mips-openwrt-linux-musl-gcc-ar" AS="mips-openwrt-linux-musl-gcc -c -Os -pipe -mno-branch-likely -mips32r2 -mtune=24kc -fno-caller-saves -fno-plt -fhonour-copts -Wno-error=unused-but-set-variable -Wno-error=unused-result -msoft-float -iremap/root/release/dragino-lede-build/openwrt/build_dir/target-mips_24kc_musl/libmpsse-1.3:libmpsse-1.3 -fpic" LD=mips-openwrt-linux-musl-ld NM="mips-openwrt-linux-musl-gcc-nm" CC="mips-openwrt-linux-musl-gcc" GCC="mips-openwrt-linux-musl-gcc" CXX="mips-openwrt-linux-musl-g++" RANLIB="mips-openwrt-linux-musl-gcc-ranlib" STRIP=mips-openwrt-linux-musl-strip OBJCOPY=mips-openwrt-linux-musl-objcopy OBJDUMP=mips-openwrt-linux-musl-objdump SIZE=mips-openwrt-linux-musl-size CROSS="mips-openwrt-linux-musl-" ARCH="mips" ;
make[3]: Entering directory '/root/release/dragino-lede-build/openwrt/build_dir/target-mips_24kc_musl/libmpsse-1.3'
mips-openwrt-linux-musl-gcc -Wall -fPIC -fno-strict-aliasing -Os -pipe -mno-branch-likely -mips32r2 -mtune=24kc -fno-caller-saves -fno-plt -fhonour-copts -Wno-error=unused-but-set-variable -Wno-error=unused-result -msoft-float -mips16 -minterlink-mips16 -iremap/root/release/dragino-lede-build/openwrt/build_dir/target-mips_24kc_musl/libmpsse-1.3:libmpsse-1.3 -fpic  -lftdi1 -L/root/release/dragino-lede-build/openwrt/staging_dir/target-mips_24kc_musl/usr/lib -L/root/release/dragino-lede-build/openwrt/staging_dir/target-mips_24kc_musl/lib -L/root/release/dragino-lede-build/openwrt/staging_dir/toolchain-mips_24kc_gcc-7.3.0_musl/usr/lib -L/root/release/dragino-lede-build/openwrt/staging_dir/toolchain-mips_24kc_gcc-7.3.0_musl/lib  -DLIBFTDI1=1 -c support.c
mips-openwrt-linux-musl-gcc -Wall -fPIC -fno-strict-aliasing -Os -pipe -mno-branch-likely -mips32r2 -mtune=24kc -fno-caller-saves -fno-plt -fhonour-copts -Wno-error=unused-but-set-variable -Wno-error=unused-result -msoft-float -mips16 -minterlink-mips16 -iremap/root/release/dragino-lede-build/openwrt/build_dir/target-mips_24kc_musl/libmpsse-1.3:libmpsse-1.3 -fpic  -lftdi1 -L/root/release/dragino-lede-build/openwrt/staging_dir/target-mips_24kc_musl/usr/lib -L/root/release/dragino-lede-build/openwrt/staging_dir/target-mips_24kc_musl/lib -L/root/release/dragino-lede-build/openwrt/staging_dir/toolchain-mips_24kc_gcc-7.3.0_musl/usr/lib -L/root/release/dragino-lede-build/openwrt/staging_dir/toolchain-mips_24kc_gcc-7.3.0_musl/lib  -DLIBFTDI1=1 -c mpsse.c
mips-openwrt-linux-musl-gcc -Wall -fPIC -fno-strict-aliasing -Os -pipe -mno-branch-likely -mips32r2 -mtune=24kc -fno-caller-saves -fno-plt -fhonour-copts -Wno-error=unused-but-set-variable -Wno-error=unused-result -msoft-float -mips16 -minterlink-mips16 -iremap/root/release/dragino-lede-build/openwrt/build_dir/target-mips_24kc_musl/libmpsse-1.3:libmpsse-1.3 -fpic  -lftdi1 -L/root/release/dragino-lede-build/openwrt/staging_dir/target-mips_24kc_musl/usr/lib -L/root/release/dragino-lede-build/openwrt/staging_dir/target-mips_24kc_musl/lib -L/root/release/dragino-lede-build/openwrt/staging_dir/toolchain-mips_24kc_gcc-7.3.0_musl/usr/lib -L/root/release/dragino-lede-build/openwrt/staging_dir/toolchain-mips_24kc_gcc-7.3.0_musl/lib  -c fast.c
mips-openwrt-linux-musl-gcc -Wall -fPIC -fno-strict-aliasing -Os -pipe -mno-branch-likely -mips32r2 -mtune=24kc -fno-caller-saves -fno-plt -fhonour-copts -Wno-error=unused-but-set-variable -Wno-error=unused-result -msoft-float -mips16 -minterlink-mips16 -iremap/root/release/dragino-lede-build/openwrt/build_dir/target-mips_24kc_musl/libmpsse-1.3:libmpsse-1.3 -fpic  -shared -Wl,-soname,libmpsse.so mpsse.o fast.o support.o \
	-o libmpsse.so -lftdi1 -L/root/release/dragino-lede-build/openwrt/staging_dir/target-mips_24kc_musl/usr/lib -L/root/release/dragino-lede-build/openwrt/staging_dir/target-mips_24kc_musl/lib -L/root/release/dragino-lede-build/openwrt/staging_dir/toolchain-mips_24kc_gcc-7.3.0_musl/usr/lib -L/root/release/dragino-lede-build/openwrt/staging_dir/toolchain-mips_24kc_gcc-7.3.0_musl/lib 
ar rcs libmpsse.a mpsse.o fast.o support.o
make[3]: Leaving directory '/root/release/dragino-lede-build/openwrt/build_dir/target-mips_24kc_musl/libmpsse-1.3'
CFLAGS="-Os -pipe -mno-branch-likely -mips32r2 -mtune=24kc -fno-caller-saves -fno-plt -fhonour-copts -Wno-error=unused-but-set-variable -Wno-error=unused-result -msoft-float -mips16 -minterlink-mips16 -iremap/root/release/dragino-lede-build/openwrt/build_dir/target-mips_24kc_musl/libmpsse-1.3:libmpsse-1.3 -fpic  -I/root/release/dragino-lede-build/openwrt/staging_dir/target-mips_24kc_musl/usr/include -I/root/release/dragino-lede-build/openwrt/staging_dir/target-mips_24kc_musl/include -I/root/release/dragino-lede-build/openwrt/staging_dir/toolchain-mips_24kc_gcc-7.3.0_musl/usr/include -I/root/release/dragino-lede-build/openwrt/staging_dir/toolchain-mips_24kc_gcc-7.3.0_musl/include/fortify -I/root/release/dragino-lede-build/openwrt/staging_dir/toolchain-mips_24kc_gcc-7.3.0_musl/include " CXXFLAGS="-Os -pipe -mno-branch-likely -mips32r2 -mtune=24kc -fno-caller-saves -fno-plt -fhonour-copts -Wno-error=unused-but-set-variable -Wno-error=unused-result -msoft-float -mips16 -minterlink-mips16 -iremap/root/release/dragino-lede-build/openwrt/build_dir/target-mips_24kc_musl/libmpsse-1.3:libmpsse-1.3 -fpic  -I/root/release/dragino-lede-build/openwrt/staging_dir/target-mips_24kc_musl/usr/include -I/root/release/dragino-lede-build/openwrt/staging_dir/target-mips_24kc_musl/include -I/root/release/dragino-lede-build/openwrt/staging_dir/toolchain-mips_24kc_gcc-7.3.0_musl/usr/include -I/root/release/dragino-lede-build/openwrt/staging_dir/toolchain-mips_24kc_gcc-7.3.0_musl/include/fortify -I/root/release/dragino-lede-build/openwrt/staging_dir/toolchain-mips_24kc_gcc-7.3.0_musl/include " LDFLAGS="-L/root/release/dragino-lede-build/openwrt/staging_dir/target-mips_24kc_musl/usr/lib -L/root/release/dragino-lede-build/openwrt/staging_dir/target-mips_24kc_musl/lib -L/root/release/dragino-lede-build/openwrt/staging_dir/toolchain-mips_24kc_gcc-7.3.0_musl/usr/lib -L/root/release/dragino-lede-build/openwrt/staging_dir/toolchain-mips_24kc_gcc-7.3.0_musl/lib " make -C /root/release/dragino-lede-build/openwrt/build_dir/target-mips_24kc_musl/libmpsse-1.3/. AR="mips-openwrt-linux-musl-gcc-ar" AS="mips-openwrt-linux-musl-gcc -c -Os -pipe -mno-branch-likely -mips32r2 -mtune=24kc -fno-caller-saves -fno-plt -fhonour-copts -Wno-error=unused-but-set-variable -Wno-error=unused-result -msoft-float -iremap/root/release/dragino-lede-build/openwrt/build_dir/target-mips_24kc_musl/libmpsse-1.3:libmpsse-1.3 -fpic" LD=mips-openwrt-linux-musl-ld NM="mips-openwrt-linux-musl-gcc-nm" CC="mips-openwrt-linux-musl-gcc" GCC="mips-openwrt-linux-musl-gcc" CXX="mips-openwrt-linux-musl-g++" RANLIB="mips-openwrt-linux-musl-gcc-ranlib" STRIP=mips-openwrt-linux-musl-strip OBJCOPY=mips-openwrt-linux-musl-objcopy OBJDUMP=mips-openwrt-linux-musl-objdump SIZE=mips-openwrt-linux-musl-size CROSS="mips-openwrt-linux-musl-" ARCH="mips" DESTDIR="/root/release/dragino-lede-build/openwrt/build_dir/target-mips_24kc_musl/libmpsse-1.3/ipkg-install"  install;
make[3]: Entering directory '/root/release/dragino-lede-build/openwrt/build_dir/target-mips_24kc_musl/libmpsse-1.3'
install -D -m644 libmpsse.so /root/release/dragino-lede-build/openwrt/build_dir/target-mips_24kc_musl/libmpsse-1.3/ipkg-install//usr/lib/libmpsse.so
install -D -m644 libmpsse.a  /root/release/dragino-lede-build/openwrt/build_dir/target-mips_24kc_musl/libmpsse-1.3/ipkg-install//usr/lib/libmpsse.a
install -D -m644 mpsse.h     /root/release/dragino-lede-build/openwrt/build_dir/target-mips_24kc_musl/libmpsse-1.3/ipkg-install//usr/include/mpsse.h
make[3]: Leaving directory '/root/release/dragino-lede-build/openwrt/build_dir/target-mips_24kc_musl/libmpsse-1.3'
touch /root/release/dragino-lede-build/openwrt/build_dir/target-mips_24kc_musl/libmpsse-1.3/.built
rm -rf /root/release/dragino-lede-build/openwrt/build_dir/target-mips_24kc_musl/libmpsse-1.3/.pkgdir/libmpsse.installed /root/release/dragino-lede-build/openwrt/build_dir/target-mips_24kc_musl/libmpsse-1.3/.pkgdir/libmpsse
mkdir -p /root/release/dragino-lede-build/openwrt/build_dir/target-mips_24kc_musl/libmpsse-1.3/.pkgdir/libmpsse
install -d -m0755 /root/release/dragino-lede-build/openwrt/build_dir/target-mips_24kc_musl/libmpsse-1.3/.pkgdir/libmpsse/usr/lib
cp -fpR /root/release/dragino-lede-build/openwrt/build_dir/target-mips_24kc_musl/libmpsse-1.3/ipkg-install/usr/lib/libmpsse.so /root/release/dragino-lede-build/openwrt/build_dir/target-mips_24kc_musl/libmpsse-1.3/.pkgdir/libmpsse/usr/lib/
touch /root/release/dragino-lede-build/openwrt/build_dir/target-mips_24kc_musl/libmpsse-1.3/.pkgdir/libmpsse.installed
mkdir -p /root/release/dragino-lede-build/openwrt/staging_dir/target-mips_24kc_musl/root-ar71xx/stamp
SHELL= flock /root/release/dragino-lede-build/openwrt/tmp/.root-copy.flock -c 'cp -fpR /root/release/dragino-lede-build/openwrt/build_dir/target-mips_24kc_musl/libmpsse-1.3/.pkgdir/libmpsse/. /root/release/dragino-lede-build/openwrt/staging_dir/target-mips_24kc_musl/root-ar71xx/'
touch /root/release/dragino-lede-build/openwrt/staging_dir/target-mips_24kc_musl/root-ar71xx/stamp/.libmpsse_installed
mkdir -p /root/release/dragino-lede-build/openwrt/bin/targets/ar71xx/generic/packages /root/release/dragino-lede-build/openwrt/build_dir/target-mips_24kc_musl/libmpsse-1.3/ipkg-mips_24kc/libmpsse/CONTROL /root/release/dragino-lede-build/openwrt/staging_dir/target-mips_24kc_musl/pkginfo
install -d -m0755 /root/release/dragino-lede-build/openwrt/build_dir/target-mips_24kc_musl/libmpsse-1.3/ipkg-mips_24kc/libmpsse/usr/lib
cp -fpR /root/release/dragino-lede-build/openwrt/build_dir/target-mips_24kc_musl/libmpsse-1.3/ipkg-install/usr/lib/libmpsse.so /root/release/dragino-lede-build/openwrt/build_dir/target-mips_24kc_musl/libmpsse-1.3/ipkg-mips_24kc/libmpsse/usr/lib/
find /root/release/dragino-lede-build/openwrt/build_dir/target-mips_24kc_musl/libmpsse-1.3/ipkg-mips_24kc/libmpsse -name 'CVS' -o -name '.svn' -o -name '.#*' -o -name '*~'| xargs -r rm -rf
export CROSS="mips-openwrt-linux-musl-"  NO_RENAME=1 ; NM="mips-openwrt-linux-musl-nm" STRIP="/root/release/dragino-lede-build/openwrt/staging_dir/host/bin/sstrip" STRIP_KMOD="/root/release/dragino-lede-build/openwrt/scripts/strip-kmod.sh" PATCHELF="/root/release/dragino-lede-build/openwrt/staging_dir/host/bin/patchelf" /root/release/dragino-lede-build/openwrt/scripts/rstrip.sh /root/release/dragino-lede-build/openwrt/build_dir/target-mips_24kc_musl/libmpsse-1.3/ipkg-mips_24kc/libmpsse
rstrip.sh: /root/release/dragino-lede-build/openwrt/build_dir/target-mips_24kc_musl/libmpsse-1.3/ipkg-mips_24kc/libmpsse/usr/lib/libmpsse.so: shared object
(cd /root/release/dragino-lede-build/openwrt/build_dir/target-mips_24kc_musl/libmpsse-1.3/ipkg-mips_24kc/libmpsse/CONTROL; ( echo "$CONTROL"; printf "Description: "; echo "$DESCRIPTION" | sed -e 's,^[[:space:]]*, ,g'; ) > control; chmod 644 control; ( echo "#!/bin/sh"; echo "[ \"\${IPKG_NO_SCRIPT}\" = \"1\" ] && exit 0"; echo "[ -x "\${IPKG_INSTROOT}/lib/functions.sh" ] || exit 0"; echo ". \${IPKG_INSTROOT}/lib/functions.sh"; echo "default_postinst \$0 \$@"; ) > postinst; ( echo "#!/bin/sh"; echo "[ -x "\${IPKG_INSTROOT}/lib/functions.sh" ] || exit 0"; echo ". \${IPKG_INSTROOT}/lib/functions.sh"; echo "default_prerm \$0 \$@"; ) > prerm; chmod 0755 postinst prerm;  )
install -d -m0755 /root/release/dragino-lede-build/openwrt/bin/packages/mips_24kc/base
/root/release/dragino-lede-build/openwrt/scripts/ipkg-build -c -o 0 -g 0 /root/release/dragino-lede-build/openwrt/build_dir/target-mips_24kc_musl/libmpsse-1.3/ipkg-mips_24kc/libmpsse /root/release/dragino-lede-build/openwrt/bin/packages/mips_24kc/base
Packaged contents of /root/release/dragino-lede-build/openwrt/build_dir/target-mips_24kc_musl/libmpsse-1.3/ipkg-mips_24kc/libmpsse into /root/release/dragino-lede-build/openwrt/bin/packages/mips_24kc/base/libmpsse_1.3-1_mips_24kc.ipk
echo "libmpsse" >> /root/release/dragino-lede-build/openwrt/staging_dir/target-mips_24kc_musl/pkginfo/libmpsse.default.install
rm -rf /root/release/dragino-lede-build/openwrt/tmp/stage-libmpsse
mkdir -p /root/release/dragino-lede-build/openwrt/tmp/stage-libmpsse/host /root/release/dragino-lede-build/openwrt/staging_dir/target-mips_24kc_musl/packages /root/release/dragino-lede-build/openwrt/staging_dir/host/packages
install -d -m0755 /root/release/dragino-lede-build/openwrt/tmp/stage-libmpsse/usr/include/
cp -fpR /root/release/dragino-lede-build/openwrt/build_dir/target-mips_24kc_musl/libmpsse-1.3/ipkg-install/usr/include/mpsse.h /root/release/dragino-lede-build/openwrt/tmp/stage-libmpsse/usr/include/
install -d -m0755 /root/release/dragino-lede-build/openwrt/tmp/stage-libmpsse/usr/lib
cp -fpR /root/release/dragino-lede-build/openwrt/build_dir/target-mips_24kc_musl/libmpsse-1.3/ipkg-install/usr/lib/libmpsse.{a,so} /root/release/dragino-lede-build/openwrt/tmp/stage-libmpsse/usr/lib/
find /root/release/dragino-lede-build/openwrt/tmp/stage-libmpsse -name '*.la' | xargs -r rm -f;   	find /root/release/dragino-lede-build/openwrt/tmp/stage-libmpsse -name '*.la' | xargs -r rm -f; 
if [ -f /root/release/dragino-lede-build/openwrt/staging_dir/target-mips_24kc_musl/packages/libmpsse.list ]; then /root/release/dragino-lede-build/openwrt/scripts/clean-package.sh "/root/release/dragino-lede-build/openwrt/staging_dir/target-mips_24kc_musl/packages/libmpsse.list" "/root/release/dragino-lede-build/openwrt/staging_dir/target-mips_24kc_musl"; fi
if [ -d /root/release/dragino-lede-build/openwrt/tmp/stage-libmpsse ]; then (cd /root/release/dragino-lede-build/openwrt/tmp/stage-libmpsse; find ./ > /root/release/dragino-lede-build/openwrt/tmp/stage-libmpsse.files); 	SHELL= flock /root/release/dragino-lede-build/openwrt/tmp/.staging-dir.flock -c ' mv /root/release/dragino-lede-build/openwrt/tmp/stage-libmpsse.files /root/release/dragino-lede-build/openwrt/staging_dir/target-mips_24kc_musl/packages/libmpsse.list && cp -fpR /root/release/dragino-lede-build/openwrt/tmp/stage-libmpsse/* /root/release/dragino-lede-build/openwrt/staging_dir/target-mips_24kc_musl/; '; fi
rm -rf /root/release/dragino-lede-build/openwrt/tmp/stage-libmpsse
touch /root/release/dragino-lede-build/openwrt/staging_dir/target-mips_24kc_musl/stamp/.libmpsse_installed
make[2]: Leaving directory '/root/release/dragino-lede-build/openwrt/package/libs/libmpsse'
make[1]: Leaving directory '/root/release/dragino-lede-build/openwrt'
